{"/Users/williamsouza/Desktop/GitHub/ByteBank-QA/src/index.js": {"path":"/Users/williamsouza/Desktop/GitHub/ByteBank-QA/src/index.js","statementMap":{"0":{"start":{"line":7,"column":13},"end":{"line":7,"column":65}},"1":{"start":{"line":8,"column":0},"end":{"line":14,"column":2}}},"fnMap":{},"branchMap":{},"s":{"0":0,"1":0},"f":{},"b":{}}
,"/Users/williamsouza/Desktop/GitHub/ByteBank-QA/src/routes.js": {"path":"/Users/williamsouza/Desktop/GitHub/ByteBank-QA/src/routes.js","statementMap":{"0":{"start":{"line":9,"column":2},"end":{"line":18,"column":4}}},"fnMap":{"0":{"name":"AppRoutes","decl":{"start":{"line":8,"column":24},"end":{"line":8,"column":33}},"loc":{"start":{"line":8,"column":36},"end":{"line":19,"column":1}},"line":8}},"branchMap":{},"s":{"0":3},"f":{"0":3},"b":{},"_coverageSchema":"1a1c01bbd47fc00a2c39e90264f33305004495a9","hash":"6d522be02b6c46c3f47ce0a3fa03345f6651fc24"}
,"/Users/williamsouza/Desktop/GitHub/ByteBank-QA/src/componentes/Cabecalho/index.jsx": {"path":"/Users/williamsouza/Desktop/GitHub/ByteBank-QA/src/componentes/Cabecalho/index.jsx","statementMap":{"0":{"start":{"line":7,"column":2},"end":{"line":17,"column":4}}},"fnMap":{"0":{"name":"Cabecalho","decl":{"start":{"line":6,"column":24},"end":{"line":6,"column":33}},"loc":{"start":{"line":6,"column":36},"end":{"line":18,"column":1}},"line":6}},"branchMap":{},"s":{"0":10},"f":{"0":10},"b":{},"_coverageSchema":"1a1c01bbd47fc00a2c39e90264f33305004495a9","hash":"6c70301f71f834dd96e068806dd349337b682999"}
,"/Users/williamsouza/Desktop/GitHub/ByteBank-QA/src/componentes/Cartoes/index.jsx": {"path":"/Users/williamsouza/Desktop/GitHub/ByteBank-QA/src/componentes/Cartoes/index.jsx","statementMap":{"0":{"start":{"line":7,"column":2},"end":{"line":33,"column":4}}},"fnMap":{"0":{"name":"Cartoes","decl":{"start":{"line":6,"column":24},"end":{"line":6,"column":31}},"loc":{"start":{"line":6,"column":34},"end":{"line":34,"column":1}},"line":6}},"branchMap":{},"s":{"0":3},"f":{"0":3},"b":{},"_coverageSchema":"1a1c01bbd47fc00a2c39e90264f33305004495a9","hash":"31e3786f9654db9654cba8fedcd7e82cb97826f4"}
,"/Users/williamsouza/Desktop/GitHub/ByteBank-QA/src/componentes/Extrato/index.jsx": {"path":"/Users/williamsouza/Desktop/GitHub/ByteBank-QA/src/componentes/Extrato/index.jsx","statementMap":{"0":{"start":{"line":6,"column":2},"end":{"line":17,"column":4}},"1":{"start":{"line":11,"column":10},"end":{"line":13,"column":12}}},"fnMap":{"0":{"name":"Extrato","decl":{"start":{"line":5,"column":24},"end":{"line":5,"column":31}},"loc":{"start":{"line":5,"column":48},"end":{"line":18,"column":1}},"line":5},"1":{"name":"(anonymous_1)","decl":{"start":{"line":10,"column":24},"end":{"line":10,"column":25}},"loc":{"start":{"line":10,"column":47},"end":{"line":14,"column":9}},"line":10}},"branchMap":{},"s":{"0":10,"1":2},"f":{"0":10,"1":2},"b":{},"_coverageSchema":"1a1c01bbd47fc00a2c39e90264f33305004495a9","hash":"9b5ebe70628b442a2f1e04f4ec711dbe54c1040c"}
,"/Users/williamsouza/Desktop/GitHub/ByteBank-QA/src/componentes/Extrato/Transacoes/index.jsx": {"path":"/Users/williamsouza/Desktop/GitHub/ByteBank-QA/src/componentes/Extrato/Transacoes/index.jsx","statementMap":{"0":{"start":{"line":4,"column":2},"end":{"line":24,"column":4}}},"fnMap":{"0":{"name":"Transacoes","decl":{"start":{"line":3,"column":24},"end":{"line":3,"column":34}},"loc":{"start":{"line":3,"column":59},"end":{"line":25,"column":1}},"line":3}},"branchMap":{"0":{"loc":{"start":{"line":11,"column":7},"end":{"line":21,"column":7}},"type":"cond-expr","locations":[{"start":{"line":12,"column":8},"end":{"line":15,"column":41}},{"start":{"line":17,"column":8},"end":{"line":20,"column":40}}],"line":11}},"s":{"0":4},"f":{"0":4},"b":{"0":[1,3]},"_coverageSchema":"1a1c01bbd47fc00a2c39e90264f33305004495a9","hash":"27d8b8d28b575cbe71dfc2c806699359b875fe38"}
,"/Users/williamsouza/Desktop/GitHub/ByteBank-QA/src/componentes/Investimentos/index.jsx": {"path":"/Users/williamsouza/Desktop/GitHub/ByteBank-QA/src/componentes/Investimentos/index.jsx","statementMap":{"0":{"start":{"line":7,"column":2},"end":{"line":30,"column":4}}},"fnMap":{"0":{"name":"Investimentos","decl":{"start":{"line":6,"column":24},"end":{"line":6,"column":37}},"loc":{"start":{"line":6,"column":40},"end":{"line":31,"column":1}},"line":6}},"branchMap":{},"s":{"0":1},"f":{"0":1},"b":{},"_coverageSchema":"1a1c01bbd47fc00a2c39e90264f33305004495a9","hash":"c6356d52425812a4070abd820b2518960f87a47d"}
,"/Users/williamsouza/Desktop/GitHub/ByteBank-QA/src/componentes/Investimentos/Box/index.jsx": {"path":"/Users/williamsouza/Desktop/GitHub/ByteBank-QA/src/componentes/Investimentos/Box/index.jsx","statementMap":{"0":{"start":{"line":4,"column":2},"end":{"line":9,"column":4}}},"fnMap":{"0":{"name":"Box","decl":{"start":{"line":3,"column":24},"end":{"line":3,"column":27}},"loc":{"start":{"line":3,"column":35},"end":{"line":10,"column":1}},"line":3}},"branchMap":{},"s":{"0":2},"f":{"0":2},"b":{},"_coverageSchema":"1a1c01bbd47fc00a2c39e90264f33305004495a9","hash":"c05eec053d40e7f5cdd4fc0eafdce0b0bf8a8bd3"}
,"/Users/williamsouza/Desktop/GitHub/ByteBank-QA/src/componentes/Menu/index.jsx": {"path":"/Users/williamsouza/Desktop/GitHub/ByteBank-QA/src/componentes/Menu/index.jsx","statementMap":{"0":{"start":{"line":5,"column":18},"end":{"line":10,"column":1}},"1":{"start":{"line":13,"column":2},"end":{"line":33,"column":4}},"2":{"start":{"line":16,"column":8},"end":{"line":30,"column":10}}},"fnMap":{"0":{"name":"Menu","decl":{"start":{"line":12,"column":24},"end":{"line":12,"column":28}},"loc":{"start":{"line":12,"column":39},"end":{"line":34,"column":1}},"line":12},"1":{"name":"(anonymous_1)","decl":{"start":{"line":15,"column":21},"end":{"line":15,"column":22}},"loc":{"start":{"line":15,"column":39},"end":{"line":31,"column":7}},"line":15}},"branchMap":{"0":{"loc":{"start":{"line":21,"column":16},"end":{"line":21,"column":55}},"type":"binary-expr","locations":[{"start":{"line":21,"column":16},"end":{"line":21,"column":34}},{"start":{"line":21,"column":38},"end":{"line":21,"column":55}}],"line":21},"1":{"loc":{"start":{"line":26,"column":13},"end":{"line":28,"column":13}},"type":"binary-expr","locations":[{"start":{"line":26,"column":13},"end":{"line":26,"column":44}},{"start":{"line":27,"column":14},"end":{"line":27,"column":49}}],"line":26}},"s":{"0":3,"1":13,"2":52},"f":{"0":13,"1":52},"b":{"0":[52,9],"1":[52,39]},"_coverageSchema":"1a1c01bbd47fc00a2c39e90264f33305004495a9","hash":"535dd670ab186bd463bb85b22e620a2a1ab5a25d"}
,"/Users/williamsouza/Desktop/GitHub/ByteBank-QA/src/componentes/Principal/index.jsx": {"path":"/Users/williamsouza/Desktop/GitHub/ByteBank-QA/src/componentes/Principal/index.jsx","statementMap":{"0":{"start":{"line":6,"column":13},"end":{"line":6,"column":23}},"1":{"start":{"line":7,"column":13},"end":{"line":7,"column":27}},"2":{"start":{"line":8,"column":21},"end":{"line":16,"column":1}},"3":{"start":{"line":19,"column":2},"end":{"line":32,"column":4}}},"fnMap":{"0":{"name":"Principal","decl":{"start":{"line":18,"column":24},"end":{"line":18,"column":33}},"loc":{"start":{"line":18,"column":45},"end":{"line":33,"column":1}},"line":18}},"branchMap":{},"s":{"0":2,"1":2,"2":2,"3":9},"f":{"0":9},"b":{},"_coverageSchema":"1a1c01bbd47fc00a2c39e90264f33305004495a9","hash":"ac331bc77b0072bd250a30731b16cf3d8312af81"}
,"/Users/williamsouza/Desktop/GitHub/ByteBank-QA/src/componentes/Principal/Saldo/index.jsx": {"path":"/Users/williamsouza/Desktop/GitHub/ByteBank-QA/src/componentes/Principal/Saldo/index.jsx","statementMap":{"0":{"start":{"line":6,"column":2},"end":{"line":16,"column":4}}},"fnMap":{"0":{"name":"Saldo","decl":{"start":{"line":5,"column":24},"end":{"line":5,"column":29}},"loc":{"start":{"line":5,"column":41},"end":{"line":17,"column":1}},"line":5}},"branchMap":{},"s":{"0":10},"f":{"0":10},"b":{},"_coverageSchema":"1a1c01bbd47fc00a2c39e90264f33305004495a9","hash":"ffce67956cca2a33a2b572b65ddd02b20fef01e5"}
,"/Users/williamsouza/Desktop/GitHub/ByteBank-QA/src/componentes/Servicos/index.jsx": {"path":"/Users/williamsouza/Desktop/GitHub/ByteBank-QA/src/componentes/Servicos/index.jsx","statementMap":{"0":{"start":{"line":7,"column":2},"end":{"line":17,"column":4}},"1":{"start":{"line":12,"column":10},"end":{"line":12,"column":79}}},"fnMap":{"0":{"name":"Servicos","decl":{"start":{"line":6,"column":24},"end":{"line":6,"column":32}},"loc":{"start":{"line":6,"column":35},"end":{"line":18,"column":1}},"line":6},"1":{"name":"(anonymous_1)","decl":{"start":{"line":11,"column":20},"end":{"line":11,"column":21}},"loc":{"start":{"line":11,"column":31},"end":{"line":13,"column":9}},"line":11}},"branchMap":{},"s":{"0":0,"1":0},"f":{"0":0,"1":0},"b":{},"_coverageSchema":"1a1c01bbd47fc00a2c39e90264f33305004495a9","hash":"72669bde0e937bcc043d11193ca042194d2a0204"}
,"/Users/williamsouza/Desktop/GitHub/ByteBank-QA/src/componentes/Servicos/Icone/index.jsx": {"path":"/Users/williamsouza/Desktop/GitHub/ByteBank-QA/src/componentes/Servicos/Icone/index.jsx","statementMap":{"0":{"start":{"line":4,"column":2},"end":{"line":9,"column":4}}},"fnMap":{"0":{"name":"Icone","decl":{"start":{"line":3,"column":24},"end":{"line":3,"column":29}},"loc":{"start":{"line":3,"column":50},"end":{"line":10,"column":1}},"line":3}},"branchMap":{},"s":{"0":0},"f":{"0":0},"b":{},"_coverageSchema":"1a1c01bbd47fc00a2c39e90264f33305004495a9","hash":"e5b0be1462078b92233a363faa42b572fc9e09ba"}
,"/Users/williamsouza/Desktop/GitHub/ByteBank-QA/src/componentes/Transacao/index.jsx": {"path":"/Users/williamsouza/Desktop/GitHub/ByteBank-QA/src/componentes/Transacao/index.jsx","statementMap":{"0":{"start":{"line":7,"column":2},"end":{"line":16,"column":4}}},"fnMap":{"0":{"name":"Transacao","decl":{"start":{"line":6,"column":24},"end":{"line":6,"column":33}},"loc":{"start":{"line":6,"column":57},"end":{"line":17,"column":1}},"line":6}},"branchMap":{},"s":{"0":4},"f":{"0":4},"b":{},"_coverageSchema":"1a1c01bbd47fc00a2c39e90264f33305004495a9","hash":"98cade82cf57a23a54d835df1f34e0e83ed94b21"}
,"/Users/williamsouza/Desktop/GitHub/ByteBank-QA/src/componentes/Transacao/Formulario/index.jsx": {"path":"/Users/williamsouza/Desktop/GitHub/ByteBank-QA/src/componentes/Transacao/Formulario/index.jsx","statementMap":{"0":{"start":{"line":5,"column":28},"end":{"line":5,"column":66}},"1":{"start":{"line":8,"column":28},"end":{"line":8,"column":36}},"2":{"start":{"line":9,"column":31},"end":{"line":9,"column":58}},"3":{"start":{"line":10,"column":4},"end":{"line":10,"column":33}},"4":{"start":{"line":14,"column":4},"end":{"line":14,"column":23}},"5":{"start":{"line":15,"column":26},"end":{"line":15,"column":64}},"6":{"start":{"line":16,"column":25},"end":{"line":18,"column":6}},"7":{"start":{"line":19,"column":4},"end":{"line":23,"column":7}},"8":{"start":{"line":24,"column":4},"end":{"line":24,"column":38}},"9":{"start":{"line":27,"column":2},"end":{"line":62,"column":4}}},"fnMap":{"0":{"name":"Formulario","decl":{"start":{"line":4,"column":24},"end":{"line":4,"column":34}},"loc":{"start":{"line":4,"column":58},"end":{"line":63,"column":1}},"line":4},"1":{"name":"handleChange","decl":{"start":{"line":7,"column":11},"end":{"line":7,"column":23}},"loc":{"start":{"line":7,"column":27},"end":{"line":11,"column":3}},"line":7},"2":{"name":"handleSubmit","decl":{"start":{"line":13,"column":11},"end":{"line":13,"column":23}},"loc":{"start":{"line":13,"column":27},"end":{"line":25,"column":3}},"line":13}},"branchMap":{},"s":{"0":15,"1":6,"2":6,"3":6,"4":2,"5":2,"6":2,"7":2,"8":2,"9":15},"f":{"0":15,"1":6,"2":2},"b":{},"_coverageSchema":"1a1c01bbd47fc00a2c39e90264f33305004495a9","hash":"9b21e7d3bcc47f18681250727704a2170318a453"}
,"/Users/williamsouza/Desktop/GitHub/ByteBank-QA/src/hooks/useListaTransacoes.js": {"path":"/Users/williamsouza/Desktop/GitHub/ByteBank-QA/src/hooks/useListaTransacoes.js","statementMap":{"0":{"start":{"line":5,"column":38},"end":{"line":5,"column":50}},"1":{"start":{"line":8,"column":23},"end":{"line":8,"column":46}},"2":{"start":{"line":9,"column":4},"end":{"line":9,"column":30}},"3":{"start":{"line":12,"column":2},"end":{"line":14,"column":9}},"4":{"start":{"line":13,"column":4},"end":{"line":13,"column":22}},"5":{"start":{"line":16,"column":2},"end":{"line":16,"column":37}}},"fnMap":{"0":{"name":"useListaTransacoes","decl":{"start":{"line":4,"column":24},"end":{"line":4,"column":42}},"loc":{"start":{"line":4,"column":45},"end":{"line":17,"column":1}},"line":4},"1":{"name":"listaTransacoes","decl":{"start":{"line":7,"column":17},"end":{"line":7,"column":32}},"loc":{"start":{"line":7,"column":35},"end":{"line":10,"column":3}},"line":7},"2":{"name":"(anonymous_2)","decl":{"start":{"line":12,"column":12},"end":{"line":12,"column":13}},"loc":{"start":{"line":12,"column":18},"end":{"line":14,"column":3}},"line":12}},"branchMap":{},"s":{"0":11,"1":7,"2":1,"3":11,"4":7,"5":11},"f":{"0":11,"1":7,"2":7},"b":{},"_coverageSchema":"1a1c01bbd47fc00a2c39e90264f33305004495a9","hash":"d2f20f12d419a771745f7e916e19e27ca9c9612c"}
,"/Users/williamsouza/Desktop/GitHub/ByteBank-QA/src/hooks/useSaldo.js": {"path":"/Users/williamsouza/Desktop/GitHub/ByteBank-QA/src/hooks/useSaldo.js","statementMap":{"0":{"start":{"line":5,"column":28},"end":{"line":5,"column":39}},"1":{"start":{"line":8,"column":4},"end":{"line":8,"column":33}},"2":{"start":{"line":11,"column":2},"end":{"line":13,"column":14}},"3":{"start":{"line":12,"column":4},"end":{"line":12,"column":17}},"4":{"start":{"line":15,"column":2},"end":{"line":15,"column":27}}},"fnMap":{"0":{"name":"useSaldo","decl":{"start":{"line":4,"column":24},"end":{"line":4,"column":32}},"loc":{"start":{"line":4,"column":35},"end":{"line":16,"column":1}},"line":4},"1":{"name":"obtemSaldo","decl":{"start":{"line":7,"column":17},"end":{"line":7,"column":27}},"loc":{"start":{"line":7,"column":30},"end":{"line":9,"column":3}},"line":7},"2":{"name":"(anonymous_2)","decl":{"start":{"line":11,"column":12},"end":{"line":11,"column":13}},"loc":{"start":{"line":11,"column":18},"end":{"line":13,"column":3}},"line":11}},"branchMap":{},"s":{"0":12,"1":9,"2":12,"3":9,"4":12},"f":{"0":12,"1":9,"2":9},"b":{},"_coverageSchema":"1a1c01bbd47fc00a2c39e90264f33305004495a9","hash":"e428c2e390242382fe185278549cee235622051e"}
,"/Users/williamsouza/Desktop/GitHub/ByteBank-QA/src/paginas/Pagina404/index.jsx": {"path":"/Users/williamsouza/Desktop/GitHub/ByteBank-QA/src/paginas/Pagina404/index.jsx","statementMap":{"0":{"start":{"line":7,"column":2},"end":{"line":19,"column":4}}},"fnMap":{"0":{"name":"Pagina404","decl":{"start":{"line":6,"column":24},"end":{"line":6,"column":33}},"loc":{"start":{"line":6,"column":36},"end":{"line":20,"column":1}},"line":6}},"branchMap":{},"s":{"0":1},"f":{"0":1},"b":{},"_coverageSchema":"1a1c01bbd47fc00a2c39e90264f33305004495a9","hash":"088bb0524fce3187f8b8f53967e1473ed4b756fe"}
,"/Users/williamsouza/Desktop/GitHub/ByteBank-QA/src/paginas/Principal/App.js": {"path":"/Users/williamsouza/Desktop/GitHub/ByteBank-QA/src/paginas/Principal/App.js","statementMap":{"0":{"start":{"line":16,"column":28},"end":{"line":16,"column":38}},"1":{"start":{"line":17,"column":38},"end":{"line":17,"column":58}},"2":{"start":{"line":18,"column":19},"end":{"line":18,"column":32}},"3":{"start":{"line":21,"column":22},"end":{"line":21,"column":54}},"4":{"start":{"line":22,"column":4},"end":{"line":22,"column":24}},"5":{"start":{"line":23,"column":4},"end":{"line":23,"column":29}},"6":{"start":{"line":24,"column":4},"end":{"line":24,"column":44}},"7":{"start":{"line":25,"column":4},"end":{"line":25,"column":28}},"8":{"start":{"line":28,"column":2},"end":{"line":44,"column":4}}},"fnMap":{"0":{"name":"App","decl":{"start":{"line":15,"column":24},"end":{"line":15,"column":27}},"loc":{"start":{"line":15,"column":30},"end":{"line":45,"column":1}},"line":15},"1":{"name":"realizarTransacao","decl":{"start":{"line":20,"column":11},"end":{"line":20,"column":28}},"loc":{"start":{"line":20,"column":38},"end":{"line":26,"column":3}},"line":20}},"branchMap":{"0":{"loc":{"start":{"line":35,"column":11},"end":{"line":37,"column":11}},"type":"binary-expr","locations":[{"start":{"line":35,"column":11},"end":{"line":35,"column":36}},{"start":{"line":36,"column":12},"end":{"line":36,"column":63}}],"line":35}},"s":{"0":9,"1":9,"2":9,"3":1,"4":1,"5":1,"6":1,"7":1,"8":9},"f":{"0":9,"1":1},"b":{"0":[9,4]},"_coverageSchema":"1a1c01bbd47fc00a2c39e90264f33305004495a9","hash":"d5988ea02c81e4e56656f6deb0f82b656fafb112"}
,"/Users/williamsouza/Desktop/GitHub/ByteBank-QA/src/services/api.js": {"path":"/Users/williamsouza/Desktop/GitHub/ByteBank-QA/src/services/api.js","statementMap":{"0":{"start":{"line":3,"column":12},"end":{"line":5,"column":2}}},"fnMap":{},"branchMap":{},"s":{"0":6},"f":{},"b":{},"_coverageSchema":"1a1c01bbd47fc00a2c39e90264f33305004495a9","hash":"99d8b5c19a500af32cb56e4815272b27a6093252"}
,"/Users/williamsouza/Desktop/GitHub/ByteBank-QA/src/services/saldo.js": {"path":"/Users/williamsouza/Desktop/GitHub/ByteBank-QA/src/services/saldo.js","statementMap":{"0":{"start":{"line":4,"column":2},"end":{"line":9,"column":3}},"1":{"start":{"line":5,"column":17},"end":{"line":5,"column":40}},"2":{"start":{"line":6,"column":4},"end":{"line":6,"column":27}},"3":{"start":{"line":8,"column":4},"end":{"line":8,"column":16}},"4":{"start":{"line":13,"column":2},"end":{"line":16,"column":38}},"5":{"start":{"line":15,"column":20},"end":{"line":15,"column":44}},"6":{"start":{"line":16,"column":20},"end":{"line":16,"column":36}}},"fnMap":{"0":{"name":"buscaSaldo","decl":{"start":{"line":3,"column":22},"end":{"line":3,"column":32}},"loc":{"start":{"line":3,"column":35},"end":{"line":10,"column":1}},"line":3},"1":{"name":"atualizaSaldo","decl":{"start":{"line":12,"column":22},"end":{"line":12,"column":35}},"loc":{"start":{"line":12,"column":47},"end":{"line":17,"column":1}},"line":12},"2":{"name":"(anonymous_2)","decl":{"start":{"line":15,"column":10},"end":{"line":15,"column":11}},"loc":{"start":{"line":15,"column":20},"end":{"line":15,"column":44}},"line":15},"3":{"name":"(anonymous_3)","decl":{"start":{"line":16,"column":11},"end":{"line":16,"column":12}},"loc":{"start":{"line":16,"column":20},"end":{"line":16,"column":36}},"line":16}},"branchMap":{},"s":{"0":9,"1":9,"2":1,"3":1,"4":1,"5":0,"6":0},"f":{"0":9,"1":1,"2":0,"3":0},"b":{},"_coverageSchema":"1a1c01bbd47fc00a2c39e90264f33305004495a9","hash":"e60f6e77347455f8b4686986626b1f138c42bbd1"}
,"/Users/williamsouza/Desktop/GitHub/ByteBank-QA/src/services/transacoes.js": {"path":"/Users/williamsouza/Desktop/GitHub/ByteBank-QA/src/services/transacoes.js","statementMap":{"0":{"start":{"line":4,"column":2},"end":{"line":9,"column":3}},"1":{"start":{"line":5,"column":17},"end":{"line":5,"column":45}},"2":{"start":{"line":6,"column":4},"end":{"line":6,"column":21}},"3":{"start":{"line":8,"column":4},"end":{"line":8,"column":14}},"4":{"start":{"line":13,"column":2},"end":{"line":18,"column":3}},"5":{"start":{"line":14,"column":17},"end":{"line":14,"column":61}},"6":{"start":{"line":15,"column":4},"end":{"line":15,"column":23}},"7":{"start":{"line":17,"column":4},"end":{"line":17,"column":32}}},"fnMap":{"0":{"name":"buscaTransacoes","decl":{"start":{"line":3,"column":22},"end":{"line":3,"column":37}},"loc":{"start":{"line":3,"column":40},"end":{"line":10,"column":1}},"line":3},"1":{"name":"salvaTransacao","decl":{"start":{"line":12,"column":22},"end":{"line":12,"column":36}},"loc":{"start":{"line":12,"column":52},"end":{"line":19,"column":1}},"line":12}},"branchMap":{},"s":{"0":8,"1":8,"2":1,"3":1,"4":3,"5":3,"6":2,"7":1},"f":{"0":8,"1":3},"b":{},"_coverageSchema":"1a1c01bbd47fc00a2c39e90264f33305004495a9","hash":"5862c40ede771ad003679232f51ed8fb770c09da"}
,"/Users/williamsouza/Desktop/GitHub/ByteBank-QA/src/utils/index.js": {"path":"/Users/williamsouza/Desktop/GitHub/ByteBank-QA/src/utils/index.js","statementMap":{"0":{"start":{"line":1,"column":32},"end":{"line":7,"column":1}},"1":{"start":{"line":2,"column":2},"end":{"line":6,"column":3}},"2":{"start":{"line":3,"column":4},"end":{"line":3,"column":43}},"3":{"start":{"line":5,"column":4},"end":{"line":5,"column":43}}},"fnMap":{"0":{"name":"(anonymous_0)","decl":{"start":{"line":1,"column":32},"end":{"line":1,"column":33}},"loc":{"start":{"line":1,"column":52},"end":{"line":7,"column":1}},"line":1}},"branchMap":{"0":{"loc":{"start":{"line":2,"column":2},"end":{"line":6,"column":3}},"type":"if","locations":[{"start":{"line":2,"column":2},"end":{"line":6,"column":3}},{"start":{"line":4,"column":9},"end":{"line":6,"column":3}}],"line":2}},"s":{"0":3,"1":3,"2":2,"3":1},"f":{"0":3},"b":{"0":[2,1]},"_coverageSchema":"1a1c01bbd47fc00a2c39e90264f33305004495a9","hash":"20bbda37b71243d0369859eb5eb9a4fb003cda36"}
}
